[0.000000] (-) TimerEvent: {}
[0.002550] (my_ci_demo) JobQueued: {'identifier': 'my_ci_demo', 'dependencies': OrderedDict({'my_ci_demo': '/home/ajith/ros2-ci-demo/install/my_ci_demo'})}
[0.002636] (my_ci_demo) JobStarted: {'identifier': 'my_ci_demo'}
[0.125812] (my_ci_demo) Command: {'cmd': ['/usr/bin/python3', '-m', 'pytest'], 'cwd': '/home/ajith/ros2-ci-demo/src/my_ci_demo', 'env': {'LESSOPEN': '| /usr/bin/lesspipe %s', 'USER': 'ajith', 'XDG_SESSION_TYPE': 'wayland', 'CLUTTER_DISABLE_MIPMAPPED_TEXT': '1', 'SHLVL': '1', 'LD_LIBRARY_PATH': '/home/ajith/colcon_ws/install/my_robot_msgs/lib:/opt/ros/jazzy/opt/rviz_ogre_vendor/lib:/opt/ros/jazzy/lib/x86_64-linux-gnu:/opt/ros/jazzy/opt/gz_math_vendor/lib:/opt/ros/jazzy/opt/gz_utils_vendor/lib:/opt/ros/jazzy/opt/gz_cmake_vendor/lib:/opt/ros/jazzy/lib', 'HOME': '/home/ajith', 'OLDPWD': '/home/ajith/ros2-ci-demo/src', 'DESKTOP_SESSION': 'ubuntu', 'ROS_PYTHON_VERSION': '3', 'GNOME_SHELL_SESSION_MODE': 'ubuntu', 'GTK_MODULES': 'gail:atk-bridge', 'SYSTEMD_EXEC_PID': '4712', 'GSM_SKIP_SSH_AGENT_WORKAROUND': 'true', 'DBUS_SESSION_BUS_ADDRESS': 'unix:path=/run/user/1000/bus', 'COLORTERM': 'truecolor', 'DEBUGINFOD_URLS': 'https://debuginfod.ubuntu.com', 'IM_CONFIG_PHASE': '1', 'WAYLAND_DISPLAY': 'wayland-0', 'COLCON_PREFIX_PATH': '/home/ajith/colcon_ws/install', 'ROS_DISTRO': 'jazzy', 'LOGNAME': 'ajith', '_': '/usr/bin/colcon', 'ROS_VERSION': '2', 'MEMORY_PRESSURE_WATCH': '/sys/fs/cgroup/user.slice/user-1000.slice/user@1000.service/session.slice/org.gnome.Shell@wayland.service/memory.pressure', 'XDG_SESSION_CLASS': 'user', 'USERNAME': 'ajith', 'TERM': 'xterm-256color', 'GNOME_DESKTOP_SESSION_ID': 'this-is-deprecated', 'PATH': '/opt/ros/jazzy/bin:/usr/local/sbin:/usr/local/bin:/usr/sbin:/usr/bin:/sbin:/bin:/usr/games:/usr/local/games:/snap/bin:/snap/bin', 'SESSION_MANAGER': 'local/ajith-VirtualBox:@/tmp/.ICE-unix/4682,unix/ajith-VirtualBox:/tmp/.ICE-unix/4682', 'XDG_MENU_PREFIX': 'gnome-', 'GNOME_TERMINAL_SCREEN': '/org/gnome/Terminal/screen/ddab5bf2_b395_4384_a5d0_4b29c99d47fe', 'GNOME_SETUP_DISPLAY': ':1', 'XDG_RUNTIME_DIR': '/run/user/1000', 'DISPLAY': ':0', 'LANG': 'en_US.UTF-8', 'XDG_CURRENT_DESKTOP': 'ubuntu:GNOME', 'XMODIFIERS': '@im=ibus', 'XDG_SESSION_DESKTOP': 'ubuntu', 'XAUTHORITY': '/run/user/1000/.mutter-Xwaylandauth.Q731B3', 'LS_COLORS': 'rs=0:di=01;34:ln=01;36:mh=00:pi=40;33:so=01;35:do=01;35:bd=40;33;01:cd=40;33;01:or=40;31;01:mi=00:su=37;41:sg=30;43:ca=00:tw=30;42:ow=34;42:st=37;44:ex=01;32:*.tar=01;31:*.tgz=01;31:*.arc=01;31:*.arj=01;31:*.taz=01;31:*.lha=01;31:*.lz4=01;31:*.lzh=01;31:*.lzma=01;31:*.tlz=01;31:*.txz=01;31:*.tzo=01;31:*.t7z=01;31:*.zip=01;31:*.z=01;31:*.dz=01;31:*.gz=01;31:*.lrz=01;31:*.lz=01;31:*.lzo=01;31:*.xz=01;31:*.zst=01;31:*.tzst=01;31:*.bz2=01;31:*.bz=01;31:*.tbz=01;31:*.tbz2=01;31:*.tz=01;31:*.deb=01;31:*.rpm=01;31:*.jar=01;31:*.war=01;31:*.ear=01;31:*.sar=01;31:*.rar=01;31:*.alz=01;31:*.ace=01;31:*.zoo=01;31:*.cpio=01;31:*.7z=01;31:*.rz=01;31:*.cab=01;31:*.wim=01;31:*.swm=01;31:*.dwm=01;31:*.esd=01;31:*.avif=01;35:*.jpg=01;35:*.jpeg=01;35:*.mjpg=01;35:*.mjpeg=01;35:*.gif=01;35:*.bmp=01;35:*.pbm=01;35:*.pgm=01;35:*.ppm=01;35:*.tga=01;35:*.xbm=01;35:*.xpm=01;35:*.tif=01;35:*.tiff=01;35:*.png=01;35:*.svg=01;35:*.svgz=01;35:*.mng=01;35:*.pcx=01;35:*.mov=01;35:*.mpg=01;35:*.mpeg=01;35:*.m2v=01;35:*.mkv=01;35:*.webm=01;35:*.webp=01;35:*.ogm=01;35:*.mp4=01;35:*.m4v=01;35:*.mp4v=01;35:*.vob=01;35:*.qt=01;35:*.nuv=01;35:*.wmv=01;35:*.asf=01;35:*.rm=01;35:*.rmvb=01;35:*.flc=01;35:*.avi=01;35:*.fli=01;35:*.flv=01;35:*.gl=01;35:*.dl=01;35:*.xcf=01;35:*.xwd=01;35:*.yuv=01;35:*.cgm=01;35:*.emf=01;35:*.ogv=01;35:*.ogx=01;35:*.aac=00;36:*.au=00;36:*.flac=00;36:*.m4a=00;36:*.mid=00;36:*.midi=00;36:*.mka=00;36:*.mp3=00;36:*.mpc=00;36:*.ogg=00;36:*.ra=00;36:*.wav=00;36:*.oga=00;36:*.opus=00;36:*.spx=00;36:*.xspf=00;36:*~=00;90:*#=00;90:*.bak=00;90:*.crdownload=00;90:*.dpkg-dist=00;90:*.dpkg-new=00;90:*.dpkg-old=00;90:*.dpkg-tmp=00;90:*.old=00;90:*.orig=00;90:*.part=00;90:*.rej=00;90:*.rpmnew=00;90:*.rpmorig=00;90:*.rpmsave=00;90:*.swp=00;90:*.tmp=00;90:*.ucf-dist=00;90:*.ucf-new=00;90:*.ucf-old=00;90:', 'GNOME_TERMINAL_SERVICE': ':1.380', 'SSH_AUTH_SOCK': '/run/user/1000/keyring/ssh', 'AMENT_PREFIX_PATH': '/home/ajith/ros2-ci-demo/install/my_ci_demo:/home/ajith/colcon_ws/install/my_robot_msgs:/opt/ros/jazzy', 'SHELL': '/bin/bash', 'QT_ACCESSIBILITY': '1', 'GDMSESSION': 'ubuntu', 'LESSCLOSE': '/usr/bin/lesspipe %s %s', 'ROS_AUTOMATIC_DISCOVERY_RANGE': 'SUBNET', 'QT_IM_MODULE': 'ibus', 'PWD': '/home/ajith/ros2-ci-demo/build/my_ci_demo', 'LC_ALL': 'en_US.UTF-8', 'XDG_CONFIG_DIRS': '/etc/xdg/xdg-ubuntu:/etc/xdg', 'XDG_DATA_DIRS': '/usr/share/ubuntu:/usr/share/gnome:/usr/local/share/:/usr/share/:/var/lib/snapd/desktop', 'PYTHONPATH': '/home/ajith/ros2-ci-demo/install/my_ci_demo/lib/python3.12/site-packages:/home/ajith/colcon_ws/install/my_robot_msgs/lib/python3.12/site-packages:/opt/ros/jazzy/lib/python3.12/site-packages', 'COLCON': '1', 'MEMORY_PRESSURE_WRITE': 'c29tZSAyMDAwMDAgMjAwMDAwMAA=', 'VTE_VERSION': '7600', 'CMAKE_PREFIX_PATH': '/home/ajith/colcon_ws/install/my_robot_msgs:/opt/ros/jazzy/opt/gz_math_vendor:/opt/ros/jazzy/opt/gz_utils_vendor:/opt/ros/jazzy/opt/gz_cmake_vendor', 'PYTHONDONTWRITEBYTECODE': '1', 'PYTEST_ADDOPTS': '--tb=short --junit-xml=/home/ajith/ros2-ci-demo/build/my_ci_demo/pytest.xml --junit-prefix=my_ci_demo -o cache_dir=/home/ajith/ros2-ci-demo/build/my_ci_demo/.pytest_cache'}, 'shell': False}
[0.126167] (-) TimerEvent: {}
[0.313117] (-) TimerEvent: {}
[0.386964] (my_ci_demo) StdoutLine: {'line': b'\x1b[1m============================= test session starts ==============================\x1b[0m\n'}
[0.387101] (my_ci_demo) StdoutLine: {'line': b'platform linux -- Python 3.12.3, pytest-7.4.4, pluggy-1.4.0\n'}
[0.390830] (my_ci_demo) StdoutLine: {'line': b'cachedir: /home/ajith/ros2-ci-demo/build/my_ci_demo/.pytest_cache\n'}
[0.390906] (my_ci_demo) StdoutLine: {'line': b'rootdir: /home/ajith/ros2-ci-demo/src/my_ci_demo\n'}
[0.390938] (my_ci_demo) StdoutLine: {'line': b'plugins: launch-testing-ros-0.26.8, ament-pep257-0.17.3, ament-flake8-0.17.3, launch-testing-3.4.6, ament-copyright-0.17.3, ament-lint-0.17.3, ament-xmllint-0.17.3, cov-4.1.0, colcon-core-0.20.0\n'}
[0.414529] (-) TimerEvent: {}
[0.480843] (my_ci_demo) StdoutLine: {'line': b'\x1b[1mcollecting ... \x1b[0m\x1b[1m\n'}
[0.481052] (my_ci_demo) StdoutLine: {'line': b'collected 6 items                                                              \x1b[0m\n'}
[0.481590] (my_ci_demo) StdoutLine: {'line': b'\n'}
[0.485278] (my_ci_demo) StdoutLine: {'line': b'test/test_copyright.py \x1b[33ms\x1b[0m\x1b[32m                                                 [ 16%]\x1b[0m\n'}
[0.516366] (-) TimerEvent: {}
[0.618485] (-) TimerEvent: {}
[0.625791] (my_ci_demo) StdoutLine: {'line': b'test/test_flake8.py \x1b[31mF\x1b[0m\x1b[31m                                                    [ 33%]\x1b[0m\n'}
[0.633926] (my_ci_demo) StdoutLine: {'line': b'test/test_math_utils.py \x1b[32m.\x1b[0m\x1b[32m.\x1b[0m\x1b[32m.\x1b[0m\x1b[31m                                              [ 83%]\x1b[0m\n'}
[0.643763] (my_ci_demo) StdoutLine: {'line': b'test/test_pep257.py \x1b[32m.\x1b[0m\x1b[31m                                                    [100%]\x1b[0m\n'}
[0.643867] (my_ci_demo) StdoutLine: {'line': b'\n'}
[0.643901] (my_ci_demo) StdoutLine: {'line': b'=================================== FAILURES ===================================\n'}
[0.643933] (my_ci_demo) StdoutLine: {'line': b'\x1b[31m\x1b[1m_________________________________ test_flake8 __________________________________\x1b[0m\n'}
[0.643962] (my_ci_demo) StdoutLine: {'line': b'\x1b[1m\x1b[31mtest/test_flake8.py\x1b[0m:23: in test_flake8\n'}
[0.672819] (my_ci_demo) StdoutLine: {'line': b'    \x1b[94massert\x1b[39;49;00m rc == \x1b[94m0\x1b[39;49;00m, \\\n'}
[0.673168] (my_ci_demo) StdoutLine: {'line': b'\x1b[1m\x1b[31mE   AssertionError: Found 5 code style errors / warnings:\x1b[0m\n'}
[0.673307] (my_ci_demo) StdoutLine: {'line': b'\x1b[1m\x1b[31mE     ./my_ci_demo/math_utils.py:4:1: W391 blank line at end of file\x1b[0m\n'}
[0.673392] (my_ci_demo) StdoutLine: {'line': b"\x1b[1m\x1b[31mE     ./test/test_math_utils.py:2:1: I201 Missing newline between import groups. 'from my_ci_demo.math_utils import add' is identified as Third Party and 'import unittest' is identified as Stdlib.\x1b[0m\n"}
[0.673613] (my_ci_demo) StdoutLine: {'line': b'\x1b[1m\x1b[31mE     ./test/test_math_utils.py:4:1: E302 expected 2 blank lines, found 1\x1b[0m\n'}
[0.673739] (my_ci_demo) StdoutLine: {'line': b'\x1b[1m\x1b[31mE     ./test/test_math_utils.py:15:1: E305 expected 2 blank lines after class or function definition, found 1\x1b[0m\n'}
[0.673819] (my_ci_demo) StdoutLine: {'line': b'\x1b[1m\x1b[31mE     ./test/test_math_utils.py:17:1: W391 blank line at end of file\x1b[0m\n'}
[0.673859] (my_ci_demo) StdoutLine: {'line': b'\x1b[1m\x1b[31mE   assert 1 == 0\x1b[0m\n'}
[0.673896] (my_ci_demo) StdoutLine: {'line': b'----------------------------- Captured stdout call -----------------------------\n'}
[0.673934] (my_ci_demo) StdoutLine: {'line': b'\n'}
[0.674103] (my_ci_demo) StdoutLine: {'line': b'./my_ci_demo/math_utils.py:4:1: W391 blank line at end of file\n'}
[0.674213] (my_ci_demo) StdoutLine: {'line': b'\n'}
[0.674302] (my_ci_demo) StdoutLine: {'line': b'^\n'}
[0.674450] (my_ci_demo) StdoutLine: {'line': b'\n'}
[0.674644] (my_ci_demo) StdoutLine: {'line': b"./test/test_math_utils.py:2:1: I201 Missing newline between import groups. 'from my_ci_demo.math_utils import add' is identified as Third Party and 'import unittest' is identified as Stdlib.\n"}
[0.674736] (my_ci_demo) StdoutLine: {'line': b'from my_ci_demo.math_utils import add\n'}
[0.674856] (my_ci_demo) StdoutLine: {'line': b'^\n'}
[0.674970] (my_ci_demo) StdoutLine: {'line': b'\n'}
[0.675085] (my_ci_demo) StdoutLine: {'line': b'./test/test_math_utils.py:4:1: E302 expected 2 blank lines, found 1\n'}
[0.675353] (my_ci_demo) StdoutLine: {'line': b'class TestMathUtils(unittest.TestCase):\n'}
[0.675464] (my_ci_demo) StdoutLine: {'line': b'^\n'}
[0.675502] (my_ci_demo) StdoutLine: {'line': b'\n'}
[0.675538] (my_ci_demo) StdoutLine: {'line': b'./test/test_math_utils.py:15:1: E305 expected 2 blank lines after class or function definition, found 1\n'}
[0.675575] (my_ci_demo) StdoutLine: {'line': b"if __name__ == '__main__':\n"}
[0.675610] (my_ci_demo) StdoutLine: {'line': b'^\n'}
[0.675647] (my_ci_demo) StdoutLine: {'line': b'\n'}
[0.675681] (my_ci_demo) StdoutLine: {'line': b'./test/test_math_utils.py:17:1: W391 blank line at end of file\n'}
[0.675716] (my_ci_demo) StdoutLine: {'line': b'\n'}
[0.675749] (my_ci_demo) StdoutLine: {'line': b'^\n'}
[0.675783] (my_ci_demo) StdoutLine: {'line': b'\n'}
[0.675816] (my_ci_demo) StdoutLine: {'line': b'1     E302 expected 2 blank lines, found 1\n'}
[0.675849] (my_ci_demo) StdoutLine: {'line': b'1     E305 expected 2 blank lines after class or function definition, found 1\n'}
[0.675906] (my_ci_demo) StdoutLine: {'line': b"1     I201 Missing newline between import groups. 'from my_ci_demo.math_utils import add' is identified as Third Party and 'import unittest' is identified as Stdlib.\n"}
[0.675952] (my_ci_demo) StdoutLine: {'line': b'2     W391 blank line at end of file\n'}
[0.675989] (my_ci_demo) StdoutLine: {'line': b'\n'}
[0.676024] (my_ci_demo) StdoutLine: {'line': b'7 files checked\n'}
[0.676059] (my_ci_demo) StdoutLine: {'line': b'5 errors\n'}
[0.676093] (my_ci_demo) StdoutLine: {'line': b'\n'}
[0.676127] (my_ci_demo) StdoutLine: {'line': b"'E'-type errors: 2\n"}
[0.676161] (my_ci_demo) StdoutLine: {'line': b"'I'-type errors: 1\n"}
[0.676196] (my_ci_demo) StdoutLine: {'line': b"'W'-type errors: 2\n"}
[0.676237] (my_ci_demo) StdoutLine: {'line': b'\n'}
[0.676271] (my_ci_demo) StdoutLine: {'line': b'Checked files:\n'}
[0.676304] (my_ci_demo) StdoutLine: {'line': b'\n'}
[0.676337] (my_ci_demo) StdoutLine: {'line': b'* ./setup.py\n'}
[0.676370] (my_ci_demo) StdoutLine: {'line': b'* ./my_ci_demo/math_utils.py\n'}
[0.676514] (my_ci_demo) StdoutLine: {'line': b'* ./my_ci_demo/__init__.py\n'}
[0.676558] (my_ci_demo) StdoutLine: {'line': b'* ./test/test_copyright.py\n'}
[0.676594] (my_ci_demo) StdoutLine: {'line': b'* ./test/test_flake8.py\n'}
[0.676632] (my_ci_demo) StdoutLine: {'line': b'* ./test/test_pep257.py\n'}
[0.676667] (my_ci_demo) StdoutLine: {'line': b'* ./test/test_math_utils.py\n'}
[0.676701] (my_ci_demo) StdoutLine: {'line': b'--- generated xml file: /home/ajith/ros2-ci-demo/build/my_ci_demo/pytest.xml ---\n'}
[0.676736] (my_ci_demo) StdoutLine: {'line': b'\x1b[36m\x1b[1m=========================== short test summary info ============================\x1b[0m\n'}
[0.676770] (my_ci_demo) StdoutLine: {'line': b'\x1b[31mFAILED\x1b[0m test/test_flake8.py::\x1b[1mtest_flake8\x1b[0m - AssertionError: Found 5 code style errors / warnings:\n'}
[0.676804] (my_ci_demo) StdoutLine: {'line': b'\x1b[31m==================== \x1b[31m\x1b[1m1 failed\x1b[0m, \x1b[32m4 passed\x1b[0m, \x1b[33m1 skipped\x1b[0m\x1b[31m in 0.29s\x1b[0m\x1b[31m ====================\x1b[0m\n'}
[0.709650] (my_ci_demo) CommandEnded: {'returncode': 1}
[0.709924] (my_ci_demo) TestFailure: {'identifier': 'my_ci_demo'}
[0.709959] (my_ci_demo) JobEnded: {'identifier': 'my_ci_demo', 'rc': 0}
[0.710634] (-) EventReactorShutdown: {}
