<?xml version="1.0" encoding="utf-8"?><testsuites><testsuite name="pytest" errors="0" failures="0" skipped="1" tests="6" time="0.168" timestamp="2025-09-06T21:18:45.635010" hostname="ajith-VirtualBox"><testcase classname="my_ci_demo.test.test_copyright" name="test_copyright" time="0.000"><skipped type="pytest.skip" message="No copyright header has been placed in the generated source file.">/home/ajith/ros2-ci-demo/src/my_ci_demo/test/test_copyright.py:20: No copyright header has been placed in the generated source file.</skipped></testcase><testcase classname="my_ci_demo.test.test_flake8" name="test_flake8" time="0.096" /><testcase classname="my_ci_demo.test.test_math_utils.TestMathUtils" name="test_add_mixed" time="0.001" /><testcase classname="my_ci_demo.test.test_math_utils.TestMathUtils" name="test_add_negative" time="0.000" /><testcase classname="my_ci_demo.test.test_math_utils.TestMathUtils" name="test_add_positive" time="0.000" /><testcase classname="my_ci_demo.test.test_pep257" name="test_pep257" time="0.013" /></testsuite></testsuites>